---------- Date: 2015-12-28 01:02:20 ~ IP : 31.202.228.202 ----------
REQUEST URI : /admin/index.php?route=catalog/category&amp;token=275a8326ae548704043d69d971b99dc1
VQMod::_parseMods - FILE "D:\Alloxa\Sites\new.alloxa.com\vqmod/xml/catapulta.xml" REQUIRES VQMOD "2.5.0" OR ABOVE AND HAS BEEN SKIPPED
MOD DETAILS:
   modFile   : D:\Alloxa\Sites\new.alloxa.com\vqmod/xml/select-city.xml
   id        : Select City
   version   : 1.0.0
   vqmver    : 2.3.2
   author    : 
VQModObject::parseMods - Could not resolve path for [catalog/model/tool/simpleapimain.php] (SKIPPED)
----------------------------------------------------------------------


---------- Date: 2015-12-28 17:40:07 ~ IP : 176.36.219.231 ----------
REQUEST URI : /admin/index.php?route=catalog/product&amp;token=df09139974bd44dd62f87bfd453ede68
MOD DETAILS:
   modFile   : D:\Alloxa\Sites\new.alloxa.com\vqmod/xml/att_to_cat.xml
   id        : Attributes to category group
   version   : 1.1
   vqmver    : 2.3.0
   author    : Edo

File Name    : admin/model/catalog/product.php(0)
VQModObject::applyMod - SEARCH NOT FOUND (ABORTING MOD): $this->db->query("INSERT INTO " . DB_PREFIX . "product SET model = '" . $this->db->escape($data['model']) . "', sku = '" . $this->db->escape($data['sku']) . "', upc = '" . $this->db->escape($data['upc']) . "', ean = '" . $this->db->escape($data['ean']) . "', jan = '" . $this->db->escape($data['jan']) . "', isbn = '" . $this->db->escape($data['isbn']) . "', mpn = '" . $this->db->escape($data['mpn']) . "', location = '" . $this->db->escape($data['location']) . "', quantity = '" . (int)$data['quantity'] . "', minimum = '" . (int)$data['minimum'] . "', subtract = '" . (int)$data['subtract'] . "', stock_status_id = '" . (int)$data['stock_status_id'] . "', date_available = '" . $this->db->escape($data['date_available']) . "', manufacturer_id = '" . (int)$data['manufacturer_id'] . "', shipping = '" . (int)$data['shipping'] . "', price = '" . (float)$data['price'] . "', points = '" . (int)$data['points'] . "', weight = '" . (float)$data['weight'] . "', weight_class_id = '" . (int)$data['weight_class_id'] . "', length = '" . (float)$data['length'] . "', width = '" . (float)$data['width'] . "', height = '" . (float)$data['height'] . "', length_class_id = '" . (int)$data['length_class_id'] . "', status = '" . (int)$data['status'] . "', tax_class_id = '" . $this->db->escape($data['tax_class_id']) . "', sort_order = '" . (int)$data['sort_order'] . "', date_added = NOW()");

----------------------------------------------------------------------


