---------- Date: 2015-10-20 14:28:12 ~ IP : 77.122.92.172 ----------
REQUEST URI : /admin/index.php?route=catalog/product/update&amp;token=2cebc860050d710a547d9e68b417269f&amp;product_id=47017
MOD DETAILS:
   modFile   : D:\Alloxa\Sites\new.alloxa.com\vqmod/xml/vqmod_bulk_options.xml
   id        : Bulk Options to products
   version   : 1.0
   vqmver    : 2.1.7
   author    : Kamen Sharlandjiev

File Name    : admin/view/template/catalog/product_form.tpl(0)
VQModObject::applyMod - SEARCH NOT FOUND (ABORTING MOD): $('#product-category').append(
----------------------------------------------------------------------


---------- Date: 2015-10-20 14:32:52 ~ IP : 77.122.92.172 ----------
REQUEST URI : /admin/index.php?route=catalog/product/update&amp;token=2cebc860050d710a547d9e68b417269f&amp;product_id=47017
MOD DETAILS:
   modFile   : D:\Alloxa\Sites\new.alloxa.com\vqmod/xml/vqmod_bulk_options.xml
   id        : Bulk Options to products
   version   : 1.0
   vqmver    : 2.1.7
   author    : Kamen Sharlandjiev

File Name    : admin/view/template/catalog/product_form.tpl(0)
VQModObject::applyMod - SEARCH NOT FOUND (ABORTING MOD): $('#product-category').append(
----------------------------------------------------------------------


---------- Date: 2015-10-20 15:00:06 ~ IP : 77.122.92.172 ----------
REQUEST URI : /admin/index.php?route=catalog/product/update&amp;token=2cebc860050d710a547d9e68b417269f&amp;product_id=47017
MOD DETAILS:
   modFile   : D:\Alloxa\Sites\new.alloxa.com\vqmod/xml/vqmod_bulk_options.xml
   id        : Bulk Options to products
   version   : 1.0
   vqmver    : 2.1.7
   author    : Kamen Sharlandjiev

File Name    : admin/view/template/catalog/product_form.tpl(0)
VQModObject::applyMod - SEARCH NOT FOUND (ABORTING MOD): $('#product-category').append(
----------------------------------------------------------------------


---------- Date: 2015-10-20 15:03:36 ~ IP : 77.122.92.172 ----------
REQUEST URI : /admin/index.php?route=catalog/product/update&amp;token=2cebc860050d710a547d9e68b417269f&amp;product_id=47017
MOD DETAILS:
   modFile   : D:\Alloxa\Sites\new.alloxa.com\vqmod/xml/vqmod_bulk_options.xml
   id        : Bulk Options to products
   version   : 1.0
   vqmver    : 2.1.7
   author    : Kamen Sharlandjiev

File Name    : admin/view/template/catalog/product_form.tpl(0)
VQModObject::applyMod - SEARCH NOT FOUND (ABORTING MOD): $('#product-category').append(
----------------------------------------------------------------------


---------- Date: 2015-10-20 15:04:31 ~ IP : 77.122.92.172 ----------
REQUEST URI : /admin/index.php?route=catalog/product/update&amp;token=2cebc860050d710a547d9e68b417269f&amp;product_id=47017
MOD DETAILS:
   modFile   : D:\Alloxa\Sites\new.alloxa.com\vqmod/xml/vqmod_bulk_options.xml
   id        : Bulk Options to products
   version   : 1.0
   vqmver    : 2.1.7
   author    : Kamen Sharlandjiev

File Name    : admin/view/template/catalog/product_form.tpl(0)
VQModObject::applyMod - SEARCH NOT FOUND (ABORTING MOD): $('#product-category').append(
----------------------------------------------------------------------


---------- Date: 2015-10-20 16:42:05 ~ IP : 77.122.92.172 ----------
REQUEST URI : /admin/index.php?route=catalog/product/update&amp;token=af668f1aabda18dd904a67de21ecd6da&amp;product_id=47017
MOD DETAILS:
   modFile   : D:\Alloxa\Sites\new.alloxa.com\vqmod/xml/vqmod_bulk_options.xml
   id        : Bulk Options to products
   version   : 1.0
   vqmver    : 2.1.7
   author    : Kamen Sharlandjiev

File Name    : admin/view/template/catalog/product_form.tpl(0)
VQModObject::applyMod - SEARCH NOT FOUND (ABORTING MOD): $('#product-category').append(
----------------------------------------------------------------------


---------- Date: 2015-10-20 16:43:21 ~ IP : 77.122.92.172 ----------
REQUEST URI : /admin/index.php?route=catalog/product/update&amp;token=af668f1aabda18dd904a67de21ecd6da&amp;product_id=47017
MOD DETAILS:
   modFile   : D:\Alloxa\Sites\new.alloxa.com\vqmod/xml/vqmod_bulk_options.xml
   id        : Bulk Options to products
   version   : 1.0
   vqmver    : 2.1.7
   author    : Kamen Sharlandjiev

File Name    : admin/view/template/catalog/product_form.tpl(0)
VQModObject::applyMod - SEARCH NOT FOUND (ABORTING MOD): $('#product-category').append(
----------------------------------------------------------------------


