---------- Date: 2015-10-14 11:36:39 ~ IP : 77.122.92.172 ----------
REQUEST URI : /admin/index.php?route=catalog/product&amp;token=e86c3b2a8972bf450eb34cb8935483f4
MOD DETAILS:
   modFile   : D:\Alloxa\Sites\new.alloxa.com\vqmod/xml/att_to_cat.xml
   id        : Attributes to category group
   version   : 1.1
   vqmver    : 2.3.0
   author    : Edo

File Name    : admin/model/catalog/product.php(0)
VQModObject::applyMod - SEARCH NOT FOUND (ABORTING MOD): $this->db->query("INSERT INTO " . DB_PREFIX . "product SET model = '" . $this->db->escape($data['model']) . "', sku = '" . $this->db->escape($data['sku']) . "', upc = '" . $this->db->escape($data['upc']) . "', ean = '" . $this->db->escape($data['ean']) . "', jan = '" . $this->db->escape($data['jan']) . "', isbn = '" . $this->db->escape($data['isbn']) . "', mpn = '" . $this->db->escape($data['mpn']) . "', location = '" . $this->db->escape($data['location']) . "', quantity = '" . (int)$data['quantity'] . "', minimum = '" . (int)$data['minimum'] . "', subtract = '" . (int)$data['subtract'] . "', stock_status_id = '" . (int)$data['stock_status_id'] . "', date_available = '" . $this->db->escape($data['date_available']) . "', manufacturer_id = '" . (int)$data['manufacturer_id'] . "', shipping = '" . (int)$data['shipping'] . "', price = '" . (float)$data['price'] . "', points = '" . (int)$data['points'] . "', weight = '" . (float)$data['weight'] . "', weight_class_id = '" . (int)$data['weight_class_id'] . "', length = '" . (float)$data['length'] . "', width = '" . (float)$data['width'] . "', height = '" . (float)$data['height'] . "', length_class_id = '" . (int)$data['length_class_id'] . "', status = '" . (int)$data['status'] . "', tax_class_id = '" . $this->db->escape($data['tax_class_id']) . "', sort_order = '" . (int)$data['sort_order'] . "', date_added = NOW()");

----------------------------------------------------------------------


---------- Date: 2015-10-14 11:36:43 ~ IP : 77.122.92.172 ----------
REQUEST URI : /admin/index.php?route=catalog/product/update&amp;token=e86c3b2a8972bf450eb34cb8935483f4&amp;product_id=47017
MOD DETAILS:
   modFile   : D:\Alloxa\Sites\new.alloxa.com\vqmod/xml/vqmod_bulk_options.xml
   id        : Bulk Options to products
   version   : 1.0
   vqmver    : 2.1.7
   author    : Kamen Sharlandjiev

File Name    : admin/view/template/catalog/product_form.tpl(0)
VQModObject::applyMod - SEARCH NOT FOUND (ABORTING MOD): $('#product-category').append(
----------------------------------------------------------------------


