---------- Date: 2016-03-24 13:11:37 ~ IP : 188.163.70.182 ----------
REQUEST URI : /admin/index.php?route=catalog/product/update&amp;token=ea7b2321b46e2c58e785db9ba3ca2b78&amp;product_id=48887
MOD DETAILS:
   modFile   : D:\Alloxa\Sites\new.alloxa.com\vqmod/xml/vqmod_bulk_options.xml
   id        : Bulk Options to products
   version   : 1.0
   vqmver    : 2.1.7
   author    : Kamen Sharlandjiev

File Name    : admin/view/template/catalog/product_form.tpl(0)
VQModObject::applyMod - SEARCH NOT FOUND (ABORTING MOD): $('#product-category').append(
----------------------------------------------------------------------


---------- Date: 2016-03-24 13:12:52 ~ IP : 188.163.70.182 ----------
REQUEST URI : /admin/index.php?route=catalog/product/update&amp;token=5f6313826322df8d621fabd30e0861f3&amp;product_id=47017
MOD DETAILS:
   modFile   : D:\Alloxa\Sites\new.alloxa.com\vqmod/xml/vqmod_bulk_options.xml
   id        : Bulk Options to products
   version   : 1.0
   vqmver    : 2.1.7
   author    : Kamen Sharlandjiev

File Name    : admin/view/template/catalog/product_form.tpl(0)
VQModObject::applyMod - SEARCH NOT FOUND (ABORTING MOD): $('#product-category').append(
----------------------------------------------------------------------


---------- Date: 2016-03-24 13:48:56 ~ IP : 188.163.70.182 ----------
REQUEST URI : /admin/index.php?route=catalog/product/update&amp;token=ea7b2321b46e2c58e785db9ba3ca2b78&amp;product_id=48887
MOD DETAILS:
   modFile   : D:\Alloxa\Sites\new.alloxa.com\vqmod/xml/vqmod_bulk_options.xml
   id        : Bulk Options to products
   version   : 1.0
   vqmver    : 2.1.7
   author    : Kamen Sharlandjiev

File Name    : admin/view/template/catalog/product_form.tpl(0)
VQModObject::applyMod - SEARCH NOT FOUND (ABORTING MOD): $('#product-category').append(
----------------------------------------------------------------------


---------- Date: 2016-03-24 13:52:36 ~ IP : 188.163.70.182 ----------
REQUEST URI : /admin/index.php?route=catalog/product/update&amp;token=ea7b2321b46e2c58e785db9ba3ca2b78&amp;product_id=48887
MOD DETAILS:
   modFile   : D:\Alloxa\Sites\new.alloxa.com\vqmod/xml/vqmod_bulk_options.xml
   id        : Bulk Options to products
   version   : 1.0
   vqmver    : 2.1.7
   author    : Kamen Sharlandjiev

File Name    : admin/view/template/catalog/product_form.tpl(0)
VQModObject::applyMod - SEARCH NOT FOUND (ABORTING MOD): $('#product-category').append(
----------------------------------------------------------------------


---------- Date: 2016-03-24 14:00:35 ~ IP : 188.163.70.182 ----------
REQUEST URI : /admin/index.php?route=catalog/product/update&amp;token=ea7b2321b46e2c58e785db9ba3ca2b78&amp;product_id=48887
MOD DETAILS:
   modFile   : D:\Alloxa\Sites\new.alloxa.com\vqmod/xml/vqmod_bulk_options.xml
   id        : Bulk Options to products
   version   : 1.0
   vqmver    : 2.1.7
   author    : Kamen Sharlandjiev

File Name    : admin/view/template/catalog/product_form.tpl(0)
VQModObject::applyMod - SEARCH NOT FOUND (ABORTING MOD): $('#product-category').append(
----------------------------------------------------------------------


---------- Date: 2016-03-24 14:07:27 ~ IP : 188.163.70.182 ----------
REQUEST URI : /admin/index.php?route=catalog/product/update&amp;token=ea7b2321b46e2c58e785db9ba3ca2b78&amp;product_id=48887
MOD DETAILS:
   modFile   : D:\Alloxa\Sites\new.alloxa.com\vqmod/xml/vqmod_bulk_options.xml
   id        : Bulk Options to products
   version   : 1.0
   vqmver    : 2.1.7
   author    : Kamen Sharlandjiev

File Name    : admin/view/template/catalog/product_form.tpl(0)
VQModObject::applyMod - SEARCH NOT FOUND (ABORTING MOD): $('#product-category').append(
----------------------------------------------------------------------


---------- Date: 2016-03-24 14:07:56 ~ IP : 188.163.70.182 ----------
REQUEST URI : /admin/index.php?route=catalog/product/update&amp;token=ea7b2321b46e2c58e785db9ba3ca2b78&amp;product_id=48887
MOD DETAILS:
   modFile   : D:\Alloxa\Sites\new.alloxa.com\vqmod/xml/vqmod_bulk_options.xml
   id        : Bulk Options to products
   version   : 1.0
   vqmver    : 2.1.7
   author    : Kamen Sharlandjiev

File Name    : admin/view/template/catalog/product_form.tpl(0)
VQModObject::applyMod - SEARCH NOT FOUND (ABORTING MOD): $('#product-category').append(
----------------------------------------------------------------------


---------- Date: 2016-03-24 14:12:54 ~ IP : 188.163.70.182 ----------
REQUEST URI : /admin/index.php?route=catalog/product/update&amp;token=ea7b2321b46e2c58e785db9ba3ca2b78&amp;product_id=48887
MOD DETAILS:
   modFile   : D:\Alloxa\Sites\new.alloxa.com\vqmod/xml/vqmod_bulk_options.xml
   id        : Bulk Options to products
   version   : 1.0
   vqmver    : 2.1.7
   author    : Kamen Sharlandjiev

File Name    : admin/view/template/catalog/product_form.tpl(0)
VQModObject::applyMod - SEARCH NOT FOUND (ABORTING MOD): $('#product-category').append(
----------------------------------------------------------------------


---------- Date: 2016-03-24 14:14:23 ~ IP : 188.163.70.182 ----------
REQUEST URI : /admin/index.php?route=catalog/product/update&amp;token=ea7b2321b46e2c58e785db9ba3ca2b78&amp;product_id=48887
MOD DETAILS:
   modFile   : D:\Alloxa\Sites\new.alloxa.com\vqmod/xml/vqmod_bulk_options.xml
   id        : Bulk Options to products
   version   : 1.0
   vqmver    : 2.1.7
   author    : Kamen Sharlandjiev

File Name    : admin/view/template/catalog/product_form.tpl(0)
VQModObject::applyMod - SEARCH NOT FOUND (ABORTING MOD): $('#product-category').append(
----------------------------------------------------------------------


---------- Date: 2016-03-24 14:16:01 ~ IP : 188.163.70.182 ----------
REQUEST URI : /admin/index.php?route=catalog/product/update&amp;token=ea7b2321b46e2c58e785db9ba3ca2b78&amp;product_id=48887
MOD DETAILS:
   modFile   : D:\Alloxa\Sites\new.alloxa.com\vqmod/xml/vqmod_bulk_options.xml
   id        : Bulk Options to products
   version   : 1.0
   vqmver    : 2.1.7
   author    : Kamen Sharlandjiev

File Name    : admin/view/template/catalog/product_form.tpl(0)
VQModObject::applyMod - SEARCH NOT FOUND (ABORTING MOD): $('#product-category').append(
----------------------------------------------------------------------


---------- Date: 2016-03-24 14:17:47 ~ IP : 188.163.70.182 ----------
REQUEST URI : /admin/index.php?route=catalog/product/update&amp;token=aaf7d1ef95cced69f6943b962141c6c7&amp;product_id=48887
MOD DETAILS:
   modFile   : D:\Alloxa\Sites\new.alloxa.com\vqmod/xml/vqmod_bulk_options.xml
   id        : Bulk Options to products
   version   : 1.0
   vqmver    : 2.1.7
   author    : Kamen Sharlandjiev

File Name    : admin/view/template/catalog/product_form.tpl(0)
VQModObject::applyMod - SEARCH NOT FOUND (ABORTING MOD): $('#product-category').append(
----------------------------------------------------------------------


---------- Date: 2016-03-24 14:19:03 ~ IP : 188.163.70.182 ----------
REQUEST URI : /admin/index.php?route=catalog/product/update&amp;token=aaf7d1ef95cced69f6943b962141c6c7&amp;product_id=48887
MOD DETAILS:
   modFile   : D:\Alloxa\Sites\new.alloxa.com\vqmod/xml/vqmod_bulk_options.xml
   id        : Bulk Options to products
   version   : 1.0
   vqmver    : 2.1.7
   author    : Kamen Sharlandjiev

File Name    : admin/view/template/catalog/product_form.tpl(0)
VQModObject::applyMod - SEARCH NOT FOUND (ABORTING MOD): $('#product-category').append(
----------------------------------------------------------------------


---------- Date: 2016-03-24 18:56:03 ~ IP : 188.163.70.182 ----------
REQUEST URI : /admin/index.php?route=catalog/product/update&amp;token=aaf7d1ef95cced69f6943b962141c6c7&amp;product_id=47017
MOD DETAILS:
   modFile   : D:\Alloxa\Sites\new.alloxa.com\vqmod/xml/vqmod_bulk_options.xml
   id        : Bulk Options to products
   version   : 1.0
   vqmver    : 2.1.7
   author    : Kamen Sharlandjiev

File Name    : admin/view/template/catalog/product_form.tpl(0)
VQModObject::applyMod - SEARCH NOT FOUND (ABORTING MOD): $('#product-category').append(
----------------------------------------------------------------------


---------- Date: 2016-03-24 19:20:39 ~ IP : 188.163.70.182 ----------
REQUEST URI : /admin/index.php?route=catalog/product/update&amp;token=a3e8d614df9da85ec4cf50e9a9e30405&amp;product_id=47017
MOD DETAILS:
   modFile   : D:\Alloxa\Sites\new.alloxa.com\vqmod/xml/vqmod_bulk_options.xml
   id        : Bulk Options to products
   version   : 1.0
   vqmver    : 2.1.7
   author    : Kamen Sharlandjiev

File Name    : admin/view/template/catalog/product_form.tpl(0)
VQModObject::applyMod - SEARCH NOT FOUND (ABORTING MOD): $('#product-category').append(
----------------------------------------------------------------------


---------- Date: 2016-03-24 19:21:50 ~ IP : 188.163.70.182 ----------
REQUEST URI : /admin/index.php?route=catalog/product/update&amp;token=a3e8d614df9da85ec4cf50e9a9e30405&amp;product_id=47017
MOD DETAILS:
   modFile   : D:\Alloxa\Sites\new.alloxa.com\vqmod/xml/vqmod_bulk_options.xml
   id        : Bulk Options to products
   version   : 1.0
   vqmver    : 2.1.7
   author    : Kamen Sharlandjiev

File Name    : admin/view/template/catalog/product_form.tpl(0)
VQModObject::applyMod - SEARCH NOT FOUND (ABORTING MOD): $('#product-category').append(
----------------------------------------------------------------------


---------- Date: 2016-03-24 19:24:13 ~ IP : 188.163.70.182 ----------
REQUEST URI : /admin/index.php?route=catalog/product/update&amp;token=a3e8d614df9da85ec4cf50e9a9e30405&amp;product_id=47017
MOD DETAILS:
   modFile   : D:\Alloxa\Sites\new.alloxa.com\vqmod/xml/vqmod_bulk_options.xml
   id        : Bulk Options to products
   version   : 1.0
   vqmver    : 2.1.7
   author    : Kamen Sharlandjiev

File Name    : admin/view/template/catalog/product_form.tpl(0)
VQModObject::applyMod - SEARCH NOT FOUND (ABORTING MOD): $('#product-category').append(
----------------------------------------------------------------------


---------- Date: 2016-03-24 19:29:01 ~ IP : 188.163.70.182 ----------
REQUEST URI : /admin/index.php?route=catalog/product/update&amp;token=a3e8d614df9da85ec4cf50e9a9e30405&amp;product_id=47017
MOD DETAILS:
   modFile   : D:\Alloxa\Sites\new.alloxa.com\vqmod/xml/vqmod_bulk_options.xml
   id        : Bulk Options to products
   version   : 1.0
   vqmver    : 2.1.7
   author    : Kamen Sharlandjiev

File Name    : admin/view/template/catalog/product_form.tpl(0)
VQModObject::applyMod - SEARCH NOT FOUND (ABORTING MOD): $('#product-category').append(
----------------------------------------------------------------------


---------- Date: 2016-03-24 19:30:09 ~ IP : 188.163.70.182 ----------
REQUEST URI : /admin/index.php?route=catalog/product/update&amp;token=a3e8d614df9da85ec4cf50e9a9e30405&amp;product_id=47017
MOD DETAILS:
   modFile   : D:\Alloxa\Sites\new.alloxa.com\vqmod/xml/vqmod_bulk_options.xml
   id        : Bulk Options to products
   version   : 1.0
   vqmver    : 2.1.7
   author    : Kamen Sharlandjiev

File Name    : admin/view/template/catalog/product_form.tpl(0)
VQModObject::applyMod - SEARCH NOT FOUND (ABORTING MOD): $('#product-category').append(
----------------------------------------------------------------------


---------- Date: 2016-03-24 19:31:22 ~ IP : 188.163.70.182 ----------
REQUEST URI : /admin/index.php?route=catalog/product/update&amp;token=a3e8d614df9da85ec4cf50e9a9e30405&amp;product_id=47017
MOD DETAILS:
   modFile   : D:\Alloxa\Sites\new.alloxa.com\vqmod/xml/vqmod_bulk_options.xml
   id        : Bulk Options to products
   version   : 1.0
   vqmver    : 2.1.7
   author    : Kamen Sharlandjiev

File Name    : admin/view/template/catalog/product_form.tpl(0)
VQModObject::applyMod - SEARCH NOT FOUND (ABORTING MOD): $('#product-category').append(
----------------------------------------------------------------------


---------- Date: 2016-03-24 19:32:07 ~ IP : 188.163.70.182 ----------
REQUEST URI : /admin/index.php?route=catalog/product/update&amp;token=a3e8d614df9da85ec4cf50e9a9e30405&amp;product_id=47017
MOD DETAILS:
   modFile   : D:\Alloxa\Sites\new.alloxa.com\vqmod/xml/vqmod_bulk_options.xml
   id        : Bulk Options to products
   version   : 1.0
   vqmver    : 2.1.7
   author    : Kamen Sharlandjiev

File Name    : admin/view/template/catalog/product_form.tpl(0)
VQModObject::applyMod - SEARCH NOT FOUND (ABORTING MOD): $('#product-category').append(
----------------------------------------------------------------------


---------- Date: 2016-03-24 19:45:04 ~ IP : 188.163.70.182 ----------
REQUEST URI : /admin/index.php?route=catalog/product/update&amp;token=a3e8d614df9da85ec4cf50e9a9e30405&amp;product_id=47017
MOD DETAILS:
   modFile   : D:\Alloxa\Sites\new.alloxa.com\vqmod/xml/vqmod_bulk_options.xml
   id        : Bulk Options to products
   version   : 1.0
   vqmver    : 2.1.7
   author    : Kamen Sharlandjiev

File Name    : admin/view/template/catalog/product_form.tpl(0)
VQModObject::applyMod - SEARCH NOT FOUND (ABORTING MOD): $('#product-category').append(
----------------------------------------------------------------------


---------- Date: 2016-03-24 20:53:41 ~ IP : 188.163.70.182 ----------
REQUEST URI : /admin/index.php?route=catalog/product/update&amp;token=61bbaaaf3a8799237fe6fcf451d0217a&amp;product_id=47692
MOD DETAILS:
   modFile   : D:\Alloxa\Sites\new.alloxa.com\vqmod/xml/vqmod_bulk_options.xml
   id        : Bulk Options to products
   version   : 1.0
   vqmver    : 2.1.7
   author    : Kamen Sharlandjiev

File Name    : admin/view/template/catalog/product_form.tpl(0)
VQModObject::applyMod - SEARCH NOT FOUND (ABORTING MOD): $('#product-category').append(
----------------------------------------------------------------------


---------- Date: 2016-03-24 21:14:10 ~ IP : 188.163.70.182 ----------
REQUEST URI : /admin/index.php?route=catalog/product/update&amp;token=a3e8d614df9da85ec4cf50e9a9e30405&amp;product_id=47017
MOD DETAILS:
   modFile   : D:\Alloxa\Sites\new.alloxa.com\vqmod/xml/vqmod_bulk_options.xml
   id        : Bulk Options to products
   version   : 1.0
   vqmver    : 2.1.7
   author    : Kamen Sharlandjiev

File Name    : admin/view/template/catalog/product_form.tpl(0)
VQModObject::applyMod - SEARCH NOT FOUND (ABORTING MOD): $('#product-category').append(
----------------------------------------------------------------------


---------- Date: 2016-03-24 21:49:04 ~ IP : 188.163.70.182 ----------
REQUEST URI : /admin/index.php?route=catalog/product/update&amp;token=a3e8d614df9da85ec4cf50e9a9e30405&amp;product_id=47017
MOD DETAILS:
   modFile   : D:\Alloxa\Sites\new.alloxa.com\vqmod/xml/vqmod_bulk_options.xml
   id        : Bulk Options to products
   version   : 1.0
   vqmver    : 2.1.7
   author    : Kamen Sharlandjiev

File Name    : admin/view/template/catalog/product_form.tpl(0)
VQModObject::applyMod - SEARCH NOT FOUND (ABORTING MOD): $('#product-category').append(
----------------------------------------------------------------------


---------- Date: 2016-03-24 21:51:08 ~ IP : 188.163.70.182 ----------
REQUEST URI : /admin/index.php?route=catalog/product/update&amp;product_id=47017&amp;token=1bd028e1d3557e4070a8b73fd0b37eff
MOD DETAILS:
   modFile   : D:\Alloxa\Sites\new.alloxa.com\vqmod/xml/vqmod_bulk_options.xml
   id        : Bulk Options to products
   version   : 1.0
   vqmver    : 2.1.7
   author    : Kamen Sharlandjiev

File Name    : admin/view/template/catalog/product_form.tpl(0)
VQModObject::applyMod - SEARCH NOT FOUND (ABORTING MOD): $('#product-category').append(
----------------------------------------------------------------------


---------- Date: 2016-03-24 21:51:56 ~ IP : 188.163.70.182 ----------
REQUEST URI : /admin/index.php?route=catalog/product/update&amp;product_id=47017&amp;token=1bd028e1d3557e4070a8b73fd0b37eff
MOD DETAILS:
   modFile   : D:\Alloxa\Sites\new.alloxa.com\vqmod/xml/vqmod_bulk_options.xml
   id        : Bulk Options to products
   version   : 1.0
   vqmver    : 2.1.7
   author    : Kamen Sharlandjiev

File Name    : admin/view/template/catalog/product_form.tpl(0)
VQModObject::applyMod - SEARCH NOT FOUND (ABORTING MOD): $('#product-category').append(
----------------------------------------------------------------------


---------- Date: 2016-03-24 21:52:57 ~ IP : 188.163.70.182 ----------
REQUEST URI : /admin/index.php?route=catalog/product/update&amp;product_id=47017&amp;token=1bd028e1d3557e4070a8b73fd0b37eff
MOD DETAILS:
   modFile   : D:\Alloxa\Sites\new.alloxa.com\vqmod/xml/vqmod_bulk_options.xml
   id        : Bulk Options to products
   version   : 1.0
   vqmver    : 2.1.7
   author    : Kamen Sharlandjiev

File Name    : admin/view/template/catalog/product_form.tpl(0)
VQModObject::applyMod - SEARCH NOT FOUND (ABORTING MOD): $('#product-category').append(
----------------------------------------------------------------------


---------- Date: 2016-03-24 21:57:24 ~ IP : 188.163.70.182 ----------
REQUEST URI : /admin/index.php?route=catalog/product/update&amp;product_id=47017&amp;token=1bd028e1d3557e4070a8b73fd0b37eff
MOD DETAILS:
   modFile   : D:\Alloxa\Sites\new.alloxa.com\vqmod/xml/vqmod_bulk_options.xml
   id        : Bulk Options to products
   version   : 1.0
   vqmver    : 2.1.7
   author    : Kamen Sharlandjiev

File Name    : admin/view/template/catalog/product_form.tpl(0)
VQModObject::applyMod - SEARCH NOT FOUND (ABORTING MOD): $('#product-category').append(
----------------------------------------------------------------------


---------- Date: 2016-03-24 22:22:15 ~ IP : 188.163.70.182 ----------
REQUEST URI : /admin/index.php?route=catalog/product/update&amp;product_id=47017&amp;token=1bd028e1d3557e4070a8b73fd0b37eff
MOD DETAILS:
   modFile   : D:\Alloxa\Sites\new.alloxa.com\vqmod/xml/att_to_cat.xml
   id        : Attributes to category group
   version   : 1.1
   vqmver    : 2.3.0
   author    : Edo

File Name    : admin/model/catalog/product.php(0)
VQModObject::applyMod - SEARCH NOT FOUND (ABORTING MOD): $this->db->query("INSERT INTO " . DB_PREFIX . "product SET model = '" . $this->db->escape($data['model']) . "', sku = '" . $this->db->escape($data['sku']) . "', upc = '" . $this->db->escape($data['upc']) . "', ean = '" . $this->db->escape($data['ean']) . "', jan = '" . $this->db->escape($data['jan']) . "', isbn = '" . $this->db->escape($data['isbn']) . "', mpn = '" . $this->db->escape($data['mpn']) . "', location = '" . $this->db->escape($data['location']) . "', quantity = '" . (int)$data['quantity'] . "', minimum = '" . (int)$data['minimum'] . "', subtract = '" . (int)$data['subtract'] . "', stock_status_id = '" . (int)$data['stock_status_id'] . "', date_available = '" . $this->db->escape($data['date_available']) . "', manufacturer_id = '" . (int)$data['manufacturer_id'] . "', shipping = '" . (int)$data['shipping'] . "', price = '" . (float)$data['price'] . "', points = '" . (int)$data['points'] . "', weight = '" . (float)$data['weight'] . "', weight_class_id = '" . (int)$data['weight_class_id'] . "', length = '" . (float)$data['length'] . "', width = '" . (float)$data['width'] . "', height = '" . (float)$data['height'] . "', length_class_id = '" . (int)$data['length_class_id'] . "', status = '" . (int)$data['status'] . "', tax_class_id = '" . $this->db->escape($data['tax_class_id']) . "', sort_order = '" . (int)$data['sort_order'] . "', date_added = NOW()");

----------------------------------------------------------------------


---------- Date: 2016-03-24 22:29:51 ~ IP : 188.163.70.182 ----------
REQUEST URI : /admin/index.php?route=catalog/product/update&amp;product_id=47017&amp;token=1bd028e1d3557e4070a8b73fd0b37eff
MOD DETAILS:
   modFile   : D:\Alloxa\Sites\new.alloxa.com\vqmod/xml/att_to_cat.xml
   id        : Attributes to category group
   version   : 1.1
   vqmver    : 2.3.0
   author    : Edo

File Name    : admin/model/catalog/product.php(0)
VQModObject::applyMod - SEARCH NOT FOUND (ABORTING MOD): $this->db->query("INSERT INTO " . DB_PREFIX . "product SET model = '" . $this->db->escape($data['model']) . "', sku = '" . $this->db->escape($data['sku']) . "', upc = '" . $this->db->escape($data['upc']) . "', ean = '" . $this->db->escape($data['ean']) . "', jan = '" . $this->db->escape($data['jan']) . "', isbn = '" . $this->db->escape($data['isbn']) . "', mpn = '" . $this->db->escape($data['mpn']) . "', location = '" . $this->db->escape($data['location']) . "', quantity = '" . (int)$data['quantity'] . "', minimum = '" . (int)$data['minimum'] . "', subtract = '" . (int)$data['subtract'] . "', stock_status_id = '" . (int)$data['stock_status_id'] . "', date_available = '" . $this->db->escape($data['date_available']) . "', manufacturer_id = '" . (int)$data['manufacturer_id'] . "', shipping = '" . (int)$data['shipping'] . "', price = '" . (float)$data['price'] . "', points = '" . (int)$data['points'] . "', weight = '" . (float)$data['weight'] . "', weight_class_id = '" . (int)$data['weight_class_id'] . "', length = '" . (float)$data['length'] . "', width = '" . (float)$data['width'] . "', height = '" . (float)$data['height'] . "', length_class_id = '" . (int)$data['length_class_id'] . "', status = '" . (int)$data['status'] . "', tax_class_id = '" . $this->db->escape($data['tax_class_id']) . "', sort_order = '" . (int)$data['sort_order'] . "', date_added = NOW()");

----------------------------------------------------------------------


---------- Date: 2016-03-24 22:44:46 ~ IP : 188.163.70.182 ----------
REQUEST URI : /admin/index.php?route=catalog/product/update&amp;product_id=47017&amp;token=1bd028e1d3557e4070a8b73fd0b37eff
MOD DETAILS:
   modFile   : D:\Alloxa\Sites\new.alloxa.com\vqmod/xml/att_to_cat.xml
   id        : Attributes to category group
   version   : 1.1
   vqmver    : 2.3.0
   author    : Edo

File Name    : admin/model/catalog/product.php(0)
VQModObject::applyMod - SEARCH NOT FOUND (ABORTING MOD): $this->db->query("INSERT INTO " . DB_PREFIX . "product SET model = '" . $this->db->escape($data['model']) . "', sku = '" . $this->db->escape($data['sku']) . "', upc = '" . $this->db->escape($data['upc']) . "', ean = '" . $this->db->escape($data['ean']) . "', jan = '" . $this->db->escape($data['jan']) . "', isbn = '" . $this->db->escape($data['isbn']) . "', mpn = '" . $this->db->escape($data['mpn']) . "', location = '" . $this->db->escape($data['location']) . "', quantity = '" . (int)$data['quantity'] . "', minimum = '" . (int)$data['minimum'] . "', subtract = '" . (int)$data['subtract'] . "', stock_status_id = '" . (int)$data['stock_status_id'] . "', date_available = '" . $this->db->escape($data['date_available']) . "', manufacturer_id = '" . (int)$data['manufacturer_id'] . "', shipping = '" . (int)$data['shipping'] . "', price = '" . (float)$data['price'] . "', points = '" . (int)$data['points'] . "', weight = '" . (float)$data['weight'] . "', weight_class_id = '" . (int)$data['weight_class_id'] . "', length = '" . (float)$data['length'] . "', width = '" . (float)$data['width'] . "', height = '" . (float)$data['height'] . "', length_class_id = '" . (int)$data['length_class_id'] . "', status = '" . (int)$data['status'] . "', tax_class_id = '" . $this->db->escape($data['tax_class_id']) . "', sort_order = '" . (int)$data['sort_order'] . "', date_added = NOW()");

----------------------------------------------------------------------


---------- Date: 2016-03-24 23:03:50 ~ IP : 188.163.70.182 ----------
REQUEST URI : /admin/index.php?route=catalog/product/update&amp;product_id=47017&amp;token=6c0e4703d1253327ee2b12dfe0371d0e
MOD DETAILS:
   modFile   : D:\Alloxa\Sites\new.alloxa.com\vqmod/xml/att_to_cat.xml
   id        : Attributes to category group
   version   : 1.1
   vqmver    : 2.3.0
   author    : Edo

File Name    : admin/model/catalog/product.php(0)
VQModObject::applyMod - SEARCH NOT FOUND (ABORTING MOD): $this->db->query("INSERT INTO " . DB_PREFIX . "product SET model = '" . $this->db->escape($data['model']) . "', sku = '" . $this->db->escape($data['sku']) . "', upc = '" . $this->db->escape($data['upc']) . "', ean = '" . $this->db->escape($data['ean']) . "', jan = '" . $this->db->escape($data['jan']) . "', isbn = '" . $this->db->escape($data['isbn']) . "', mpn = '" . $this->db->escape($data['mpn']) . "', location = '" . $this->db->escape($data['location']) . "', quantity = '" . (int)$data['quantity'] . "', minimum = '" . (int)$data['minimum'] . "', subtract = '" . (int)$data['subtract'] . "', stock_status_id = '" . (int)$data['stock_status_id'] . "', date_available = '" . $this->db->escape($data['date_available']) . "', manufacturer_id = '" . (int)$data['manufacturer_id'] . "', shipping = '" . (int)$data['shipping'] . "', price = '" . (float)$data['price'] . "', points = '" . (int)$data['points'] . "', weight = '" . (float)$data['weight'] . "', weight_class_id = '" . (int)$data['weight_class_id'] . "', length = '" . (float)$data['length'] . "', width = '" . (float)$data['width'] . "', height = '" . (float)$data['height'] . "', length_class_id = '" . (int)$data['length_class_id'] . "', status = '" . (int)$data['status'] . "', tax_class_id = '" . $this->db->escape($data['tax_class_id']) . "', sort_order = '" . (int)$data['sort_order'] . "', date_added = NOW()");

----------------------------------------------------------------------


---------- Date: 2016-03-24 23:15:35 ~ IP : 188.163.70.182 ----------
REQUEST URI : /admin/index.php?route=catalog/product/update&amp;product_id=47017&amp;token=6c0e4703d1253327ee2b12dfe0371d0e
MOD DETAILS:
   modFile   : D:\Alloxa\Sites\new.alloxa.com\vqmod/xml/att_to_cat.xml
   id        : Attributes to category group
   version   : 1.1
   vqmver    : 2.3.0
   author    : Edo

File Name    : admin/model/catalog/product.php(0)
VQModObject::applyMod - SEARCH NOT FOUND (ABORTING MOD): $this->db->query("INSERT INTO " . DB_PREFIX . "product SET model = '" . $this->db->escape($data['model']) . "', sku = '" . $this->db->escape($data['sku']) . "', upc = '" . $this->db->escape($data['upc']) . "', ean = '" . $this->db->escape($data['ean']) . "', jan = '" . $this->db->escape($data['jan']) . "', isbn = '" . $this->db->escape($data['isbn']) . "', mpn = '" . $this->db->escape($data['mpn']) . "', location = '" . $this->db->escape($data['location']) . "', quantity = '" . (int)$data['quantity'] . "', minimum = '" . (int)$data['minimum'] . "', subtract = '" . (int)$data['subtract'] . "', stock_status_id = '" . (int)$data['stock_status_id'] . "', date_available = '" . $this->db->escape($data['date_available']) . "', manufacturer_id = '" . (int)$data['manufacturer_id'] . "', shipping = '" . (int)$data['shipping'] . "', price = '" . (float)$data['price'] . "', points = '" . (int)$data['points'] . "', weight = '" . (float)$data['weight'] . "', weight_class_id = '" . (int)$data['weight_class_id'] . "', length = '" . (float)$data['length'] . "', width = '" . (float)$data['width'] . "', height = '" . (float)$data['height'] . "', length_class_id = '" . (int)$data['length_class_id'] . "', status = '" . (int)$data['status'] . "', tax_class_id = '" . $this->db->escape($data['tax_class_id']) . "', sort_order = '" . (int)$data['sort_order'] . "', date_added = NOW()");

----------------------------------------------------------------------


---------- Date: 2016-03-24 23:19:21 ~ IP : 188.163.70.182 ----------
REQUEST URI : /admin/index.php?route=catalog/product/update&amp;product_id=47017&amp;token=6c0e4703d1253327ee2b12dfe0371d0e
MOD DETAILS:
   modFile   : D:\Alloxa\Sites\new.alloxa.com\vqmod/xml/vqmod_bulk_options.xml
   id        : Bulk Options to products
   version   : 1.0
   vqmver    : 2.1.7
   author    : Kamen Sharlandjiev

File Name    : admin/view/template/catalog/product_form.tpl(0)
VQModObject::applyMod - SEARCH NOT FOUND (ABORTING MOD): $('#product-category').append(
----------------------------------------------------------------------


---------- Date: 2016-03-24 23:26:44 ~ IP : 188.163.70.182 ----------
REQUEST URI : /admin/index.php?route=catalog/product/update&amp;product_id=47017&amp;token=6c0e4703d1253327ee2b12dfe0371d0e
MOD DETAILS:
   modFile   : D:\Alloxa\Sites\new.alloxa.com\vqmod/xml/att_to_cat.xml
   id        : Attributes to category group
   version   : 1.1
   vqmver    : 2.3.0
   author    : Edo

File Name    : admin/model/catalog/product.php(0)
VQModObject::applyMod - SEARCH NOT FOUND (ABORTING MOD): $this->db->query("INSERT INTO " . DB_PREFIX . "product SET model = '" . $this->db->escape($data['model']) . "', sku = '" . $this->db->escape($data['sku']) . "', upc = '" . $this->db->escape($data['upc']) . "', ean = '" . $this->db->escape($data['ean']) . "', jan = '" . $this->db->escape($data['jan']) . "', isbn = '" . $this->db->escape($data['isbn']) . "', mpn = '" . $this->db->escape($data['mpn']) . "', location = '" . $this->db->escape($data['location']) . "', quantity = '" . (int)$data['quantity'] . "', minimum = '" . (int)$data['minimum'] . "', subtract = '" . (int)$data['subtract'] . "', stock_status_id = '" . (int)$data['stock_status_id'] . "', date_available = '" . $this->db->escape($data['date_available']) . "', manufacturer_id = '" . (int)$data['manufacturer_id'] . "', shipping = '" . (int)$data['shipping'] . "', price = '" . (float)$data['price'] . "', points = '" . (int)$data['points'] . "', weight = '" . (float)$data['weight'] . "', weight_class_id = '" . (int)$data['weight_class_id'] . "', length = '" . (float)$data['length'] . "', width = '" . (float)$data['width'] . "', height = '" . (float)$data['height'] . "', length_class_id = '" . (int)$data['length_class_id'] . "', status = '" . (int)$data['status'] . "', tax_class_id = '" . $this->db->escape($data['tax_class_id']) . "', sort_order = '" . (int)$data['sort_order'] . "', date_added = NOW()");

----------------------------------------------------------------------


---------- Date: 2016-03-24 23:31:59 ~ IP : 188.163.70.182 ----------
REQUEST URI : /admin/index.php?route=catalog/product/update&amp;product_id=47017&amp;token=6c0e4703d1253327ee2b12dfe0371d0e
MOD DETAILS:
   modFile   : D:\Alloxa\Sites\new.alloxa.com\vqmod/xml/att_to_cat.xml
   id        : Attributes to category group
   version   : 1.1
   vqmver    : 2.3.0
   author    : Edo

File Name    : admin/model/catalog/product.php(0)
VQModObject::applyMod - SEARCH NOT FOUND (ABORTING MOD): $this->db->query("INSERT INTO " . DB_PREFIX . "product SET model = '" . $this->db->escape($data['model']) . "', sku = '" . $this->db->escape($data['sku']) . "', upc = '" . $this->db->escape($data['upc']) . "', ean = '" . $this->db->escape($data['ean']) . "', jan = '" . $this->db->escape($data['jan']) . "', isbn = '" . $this->db->escape($data['isbn']) . "', mpn = '" . $this->db->escape($data['mpn']) . "', location = '" . $this->db->escape($data['location']) . "', quantity = '" . (int)$data['quantity'] . "', minimum = '" . (int)$data['minimum'] . "', subtract = '" . (int)$data['subtract'] . "', stock_status_id = '" . (int)$data['stock_status_id'] . "', date_available = '" . $this->db->escape($data['date_available']) . "', manufacturer_id = '" . (int)$data['manufacturer_id'] . "', shipping = '" . (int)$data['shipping'] . "', price = '" . (float)$data['price'] . "', points = '" . (int)$data['points'] . "', weight = '" . (float)$data['weight'] . "', weight_class_id = '" . (int)$data['weight_class_id'] . "', length = '" . (float)$data['length'] . "', width = '" . (float)$data['width'] . "', height = '" . (float)$data['height'] . "', length_class_id = '" . (int)$data['length_class_id'] . "', status = '" . (int)$data['status'] . "', tax_class_id = '" . $this->db->escape($data['tax_class_id']) . "', sort_order = '" . (int)$data['sort_order'] . "', date_added = NOW()");

----------------------------------------------------------------------


